[    9310ms] [WARNING] Failed to execute 'postMessage' on 'DOMWindow': The target origin provided ('https://www.youtube.com') does not match the recipient window's origin ('https://www.google.com'). @ https://www.youtube.com/s/player/9fc68080/www-widgetapi.vflset/www-widgetapi.js:209
[    9955ms] [ERROR] Failed to load resource: the server responded with a status of 404 () @ https://www.justdial.com/akam/13/79e94b39:0
[   11554ms] [LOG] shouldFlush n 0 200 dt 1780048099765 3000 true @ blob:https://www.justdial.com/e8e39ffd-0486-4086-aa60-8166ac1823b1:190
[   11567ms] TypeError: Cannot read properties of null (reading 'navInfo')
    at slimSignals (blob:https://www.justdial.com/e8e39ffd-0486-4086-aa60-8166ac1823b1:2:17)
    at slimHeader (blob:https://www.justdial.com/e8e39ffd-0486-4086-aa60-8166ac1823b1:54:8)
    at buildJsonEnvelope (blob:https://www.justdial.com/e8e39ffd-0486-4086-aa60-8166ac1823b1:113:13)
    at flush (blob:https://www.justdial.com/e8e39ffd-0486-4086-aa60-8166ac1823b1:161:15)
    at blob:https://www.justdial.com/e8e39ffd-0486-4086-aa60-8166ac1823b1:271:26
[   11622ms] [WARNING] [GPT] PubAdsService.enableSingleRequest is deprecated, use googletag.setConfig({singleRequest: ...}) instead.
https://goo.gle/gpt-message#170 @ https://securepubads.g.doubleclick.net/pagead/managed/js/gpt/m202605130101/pubads_impl.js?cb=31098807:18
[   12707ms] [INFO] Powered by AMP ⚡ HTML – Version 2605071401000 https://www.justdial.com/Surat/Furniture-Concept-20-Opposite-Shanidev-Temple-Udhna-Main-Road/0261PX261-X261-210611132404-N9N4_BZDET @ https://cdn.ampproject.org/rtv/012605071401000/amp4ads-v0.mjs:1
[   81831ms] [LOG] shouldFlush n 0 200 dt 1780048170042 3000 true @ blob:https://www.justdial.com/e8e39ffd-0486-4086-aa60-8166ac1823b1:190
[   81831ms] [LOG] norm {t: 72100, et: mousemove, pt: Object, href: https://www.justdial.com/Surat/Furniture-Concept-2…-Main-Road/0261PX261-X261-210611132404-N9N4_BZDET} @ blob:https://www.justdial.com/e8e39ffd-0486-4086-aa60-8166ac1823b1:105
[   82092ms] [LOG] shouldFlush n 0 200 dt 261 3000 false @ blob:https://www.justdial.com/e8e39ffd-0486-4086-aa60-8166ac1823b1:190
[   82159ms] [LOG] shouldFlush n 0 200 dt 327 3000 false @ blob:https://www.justdial.com/e8e39ffd-0486-4086-aa60-8166ac1823b1:190
[   82393ms] [LOG] shouldFlush n 0 200 dt 561 3000 false @ blob:https://www.justdial.com/e8e39ffd-0486-4086-aa60-8166ac1823b1:190
[   82460ms] [LOG] shouldFlush n 0 200 dt 628 3000 false @ blob:https://www.justdial.com/e8e39ffd-0486-4086-aa60-8166ac1823b1:190
[   82643ms] [LOG] shouldFlush n 0 200 dt 812 3000 false @ blob:https://www.justdial.com/e8e39ffd-0486-4086-aa60-8166ac1823b1:190
[   82710ms] [LOG] shouldFlush n 0 200 dt 878 3000 false @ blob:https://www.justdial.com/e8e39ffd-0486-4086-aa60-8166ac1823b1:190
[   82894ms] [LOG] shouldFlush n 0 200 dt 1062 3000 false @ blob:https://www.justdial.com/e8e39ffd-0486-4086-aa60-8166ac1823b1:190
[   82959ms] [LOG] shouldFlush n 0 200 dt 1128 3000 false @ blob:https://www.justdial.com/e8e39ffd-0486-4086-aa60-8166ac1823b1:190
[   83160ms] [LOG] shouldFlush n 0 200 dt 1328 3000 false @ blob:https://www.justdial.com/e8e39ffd-0486-4086-aa60-8166ac1823b1:190
[  443927ms] [LOG] shouldFlush n 0 200 dt 362096 3000 true @ blob:https://www.justdial.com/e8e39ffd-0486-4086-aa60-8166ac1823b1:190
[  443928ms] [LOG] norm {t: 72361.30000000075, et: mousemove, pt: Object, href: https://www.justdial.com/Surat/Furniture-Concept-2…-Main-Road/0261PX261-X261-210611132404-N9N4_BZDET} @ blob:https://www.justdial.com/e8e39ffd-0486-4086-aa60-8166ac1823b1:105
[  443928ms] [LOG] norm {t: 72427.80000000075, et: mousemove, pt: Object, href: https://www.justdial.com/Surat/Furniture-Concept-2…-Main-Road/0261PX261-X261-210611132404-N9N4_BZDET} @ blob:https://www.justdial.com/e8e39ffd-0486-4086-aa60-8166ac1823b1:105
[  443928ms] [LOG] norm {t: 72661.5, et: mousemove, pt: Object, href: https://www.justdial.com/Surat/Furniture-Concept-2…-Main-Road/0261PX261-X261-210611132404-N9N4_BZDET} @ blob:https://www.justdial.com/e8e39ffd-0486-4086-aa60-8166ac1823b1:105
[  443928ms] [LOG] norm {t: 72728.40000000037, et: mousemove, pt: Object, href: https://www.justdial.com/Surat/Furniture-Concept-2…-Main-Road/0261PX261-X261-210611132404-N9N4_BZDET} @ blob:https://www.justdial.com/e8e39ffd-0486-4086-aa60-8166ac1823b1:105
[  443929ms] [LOG] norm {t: 72912, et: mousemove, pt: Object, href: https://www.justdial.com/Surat/Furniture-Concept-2…-Main-Road/0261PX261-X261-210611132404-N9N4_BZDET} @ blob:https://www.justdial.com/e8e39ffd-0486-4086-aa60-8166ac1823b1:105
[  443929ms] [LOG] norm {t: 72978.59999999963, et: mousemove, pt: Object, href: https://www.justdial.com/Surat/Furniture-Concept-2…-Main-Road/0261PX261-X261-210611132404-N9N4_BZDET} @ blob:https://www.justdial.com/e8e39ffd-0486-4086-aa60-8166ac1823b1:105
[  443929ms] [LOG] norm {t: 73161.90000000037, et: mousemove, pt: Object, href: https://www.justdial.com/Surat/Furniture-Concept-2…-Main-Road/0261PX261-X261-210611132404-N9N4_BZDET} @ blob:https://www.justdial.com/e8e39ffd-0486-4086-aa60-8166ac1823b1:105
[  443929ms] [LOG] norm {t: 73228.09999999963, et: mousemove, pt: Object, href: https://www.justdial.com/Surat/Furniture-Concept-2…-Main-Road/0261PX261-X261-210611132404-N9N4_BZDET} @ blob:https://www.justdial.com/e8e39ffd-0486-4086-aa60-8166ac1823b1:105
[  443929ms] [LOG] norm {t: 73428.20000000112, et: mousemove, pt: Object, href: https://www.justdial.com/Surat/Furniture-Concept-2…-Main-Road/0261PX261-X261-210611132404-N9N4_BZDET} @ blob:https://www.justdial.com/e8e39ffd-0486-4086-aa60-8166ac1823b1:105
[  443929ms] [LOG] norm {t: 434195.5, et: mousemove, pt: Object, href: https://www.justdial.com/Surat/Furniture-Concept-2…-Main-Road/0261PX261-X261-210611132404-N9N4_BZDET} @ blob:https://www.justdial.com/e8e39ffd-0486-4086-aa60-8166ac1823b1:105
[  444183ms] [LOG] shouldFlush n 1 200 dt 254 3000 false @ blob:https://www.justdial.com/e8e39ffd-0486-4086-aa60-8166ac1823b1:190
[  444243ms] [LOG] shouldFlush n 2 200 dt 313 3000 false @ blob:https://www.justdial.com/e8e39ffd-0486-4086-aa60-8166ac1823b1:190
[  444293ms] [LOG] shouldFlush n 3 200 dt 363 3000 false @ blob:https://www.justdial.com/e8e39ffd-0486-4086-aa60-8166ac1823b1:190
[  444449ms] [LOG] shouldFlush n 4 200 dt 519 3000 false @ blob:https://www.justdial.com/e8e39ffd-0486-4086-aa60-8166ac1823b1:190
[  444509ms] [LOG] shouldFlush n 5 200 dt 580 3000 false @ blob:https://www.justdial.com/e8e39ffd-0486-4086-aa60-8166ac1823b1:190
[  444710ms] [LOG] shouldFlush n 6 200 dt 780 3000 false @ blob:https://www.justdial.com/e8e39ffd-0486-4086-aa60-8166ac1823b1:190
[  444760ms] [LOG] shouldFlush n 7 200 dt 831 3000 false @ blob:https://www.justdial.com/e8e39ffd-0486-4086-aa60-8166ac1823b1:190
[  444815ms] [LOG] shouldFlush n 8 200 dt 885 3000 false @ blob:https://www.justdial.com/e8e39ffd-0486-4086-aa60-8166ac1823b1:190
[  444876ms] [LOG] shouldFlush n 9 200 dt 946 3000 false @ blob:https://www.justdial.com/e8e39ffd-0486-4086-aa60-8166ac1823b1:190
[  444926ms] [LOG] shouldFlush n 10 200 dt 996 3000 false @ blob:https://www.justdial.com/e8e39ffd-0486-4086-aa60-8166ac1823b1:190
[  444976ms] [LOG] shouldFlush n 11 200 dt 1047 3000 false @ blob:https://www.justdial.com/e8e39ffd-0486-4086-aa60-8166ac1823b1:190
[  445082ms] [LOG] shouldFlush n 12 200 dt 1153 3000 false @ blob:https://www.justdial.com/e8e39ffd-0486-4086-aa60-8166ac1823b1:190
[  445142ms] [LOG] shouldFlush n 13 200 dt 1213 3000 false @ blob:https://www.justdial.com/e8e39ffd-0486-4086-aa60-8166ac1823b1:190
[  445209ms] [LOG] shouldFlush n 14 200 dt 1280 3000 false @ blob:https://www.justdial.com/e8e39ffd-0486-4086-aa60-8166ac1823b1:190
[  445493ms] [LOG] shouldFlush n 15 200 dt 1564 3000 false @ blob:https://www.justdial.com/e8e39ffd-0486-4086-aa60-8166ac1823b1:190
[  445543ms] [LOG] shouldFlush n 16 200 dt 1614 3000 false @ blob:https://www.justdial.com/e8e39ffd-0486-4086-aa60-8166ac1823b1:190
[  445876ms] [LOG] shouldFlush n 17 200 dt 1947 3000 false @ blob:https://www.justdial.com/e8e39ffd-0486-4086-aa60-8166ac1823b1:190
[  445927ms] [LOG] shouldFlush n 18 200 dt 1997 3000 false @ blob:https://www.justdial.com/e8e39ffd-0486-4086-aa60-8166ac1823b1:190
[  445993ms] [LOG] shouldFlush n 19 200 dt 2064 3000 false @ blob:https://www.justdial.com/e8e39ffd-0486-4086-aa60-8166ac1823b1:190
[  446260ms] [LOG] shouldFlush n 20 200 dt 2330 3000 false @ blob:https://www.justdial.com/e8e39ffd-0486-4086-aa60-8166ac1823b1:190
[  446327ms] [LOG] shouldFlush n 21 200 dt 2397 3000 false @ blob:https://www.justdial.com/e8e39ffd-0486-4086-aa60-8166ac1823b1:190
[  446377ms] [LOG] shouldFlush n 22 200 dt 2447 3000 false @ blob:https://www.justdial.com/e8e39ffd-0486-4086-aa60-8166ac1823b1:190
[  446477ms] [LOG] shouldFlush n 23 200 dt 2547 3000 false @ blob:https://www.justdial.com/e8e39ffd-0486-4086-aa60-8166ac1823b1:190
[  446529ms] [LOG] shouldFlush n 24 200 dt 2600 3000 false @ blob:https://www.justdial.com/e8e39ffd-0486-4086-aa60-8166ac1823b1:190
[  446593ms] [LOG] shouldFlush n 25 200 dt 2664 3000 false @ blob:https://www.justdial.com/e8e39ffd-0486-4086-aa60-8166ac1823b1:190
[  446716ms] [LOG] shouldFlush n 26 200 dt 2787 3000 false @ blob:https://www.justdial.com/e8e39ffd-0486-4086-aa60-8166ac1823b1:190
[  446777ms] [LOG] shouldFlush n 27 200 dt 2847 3000 false @ blob:https://www.justdial.com/e8e39ffd-0486-4086-aa60-8166ac1823b1:190
[  446843ms] [LOG] shouldFlush n 28 200 dt 2914 3000 false @ blob:https://www.justdial.com/e8e39ffd-0486-4086-aa60-8166ac1823b1:190
[  446926ms] [LOG] shouldFlush n 29 200 dt 2997 3000 false @ blob:https://www.justdial.com/e8e39ffd-0486-4086-aa60-8166ac1823b1:190
[  447060ms] [LOG] shouldFlush n 30 200 dt 3130 3000 true @ blob:https://www.justdial.com/e8e39ffd-0486-4086-aa60-8166ac1823b1:190
[  447126ms] [LOG] shouldFlush n 1 200 dt 66 3000 false @ blob:https://www.justdial.com/e8e39ffd-0486-4086-aa60-8166ac1823b1:190
[  447177ms] [LOG] shouldFlush n 2 200 dt 116 3000 false @ blob:https://www.justdial.com/e8e39ffd-0486-4086-aa60-8166ac1823b1:190
[  447243ms] [LOG] shouldFlush n 3 200 dt 183 3000 false @ blob:https://www.justdial.com/e8e39ffd-0486-4086-aa60-8166ac1823b1:190
[  447549ms] [LOG] shouldFlush n 3 200 dt 489 3000 false @ blob:https://www.justdial.com/e8e39ffd-0486-4086-aa60-8166ac1823b1:190
[  447616ms] [LOG] shouldFlush n 3 200 dt 556 3000 false @ blob:https://www.justdial.com/e8e39ffd-0486-4086-aa60-8166ac1823b1:190
[  447816ms] [LOG] shouldFlush n 3 200 dt 755 3000 false @ blob:https://www.justdial.com/e8e39ffd-0486-4086-aa60-8166ac1823b1:190
[  447866ms] [LOG] shouldFlush n 3 200 dt 805 3000 false @ blob:https://www.justdial.com/e8e39ffd-0486-4086-aa60-8166ac1823b1:190
[  448043ms] [LOG] shouldFlush n 3 200 dt 982 3000 false @ blob:https://www.justdial.com/e8e39ffd-0486-4086-aa60-8166ac1823b1:190
[  448127ms] [LOG] shouldFlush n 3 200 dt 1066 3000 false @ blob:https://www.justdial.com/e8e39ffd-0486-4086-aa60-8166ac1823b1:190
[  448193ms] [LOG] shouldFlush n 3 200 dt 1132 3000 false @ blob:https://www.justdial.com/e8e39ffd-0486-4086-aa60-8166ac1823b1:190
[  448243ms] [LOG] shouldFlush n 3 200 dt 1182 3000 false @ blob:https://www.justdial.com/e8e39ffd-0486-4086-aa60-8166ac1823b1:190
[  448293ms] [LOG] shouldFlush n 3 200 dt 1232 3000 false @ blob:https://www.justdial.com/e8e39ffd-0486-4086-aa60-8166ac1823b1:190
[ 1829611ms] [LOG] shouldFlush n 3 200 dt 1382550 3000 true @ blob:https://www.justdial.com/e8e39ffd-0486-4086-aa60-8166ac1823b1:190
[ 1829611ms] [LOG] norm {t: 437818.2000000011, et: mousemove, pt: Object, href: https://www.justdial.com/Surat/Furniture-Concept-2…-Main-Road/0261PX261-X261-210611132404-N9N4_BZDET} @ blob:https://www.justdial.com/e8e39ffd-0486-4086-aa60-8166ac1823b1:105
[ 1829611ms] [LOG] norm {t: 437885.30000000075, et: mousemove, pt: Object, href: https://www.justdial.com/Surat/Furniture-Concept-2…-Main-Road/0261PX261-X261-210611132404-N9N4_BZDET} @ blob:https://www.justdial.com/e8e39ffd-0486-4086-aa60-8166ac1823b1:105
[ 1829611ms] [LOG] norm {t: 438084.7000000011, et: mousemove, pt: Object, href: https://www.justdial.com/Surat/Furniture-Concept-2…-Main-Road/0261PX261-X261-210611132404-N9N4_BZDET} @ blob:https://www.justdial.com/e8e39ffd-0486-4086-aa60-8166ac1823b1:105
[ 1829612ms] [LOG] norm {t: 438135, et: mousemove, pt: Object, href: https://www.justdial.com/Surat/Furniture-Concept-2…-Main-Road/0261PX261-X261-210611132404-N9N4_BZDET} @ blob:https://www.justdial.com/e8e39ffd-0486-4086-aa60-8166ac1823b1:105
[ 1829612ms] [LOG] norm {t: 438312, et: mousemove, pt: Object, href: https://www.justdial.com/Surat/Furniture-Concept-2…-Main-Road/0261PX261-X261-210611132404-N9N4_BZDET} @ blob:https://www.justdial.com/e8e39ffd-0486-4086-aa60-8166ac1823b1:105
[ 1829612ms] [LOG] norm {t: 438395.5999999996, et: mousemove, pt: Object, href: https://www.justdial.com/Surat/Furniture-Concept-2…-Main-Road/0261PX261-X261-210611132404-N9N4_BZDET} @ blob:https://www.justdial.com/e8e39ffd-0486-4086-aa60-8166ac1823b1:105
[ 1829612ms] [LOG] norm {t: 438461.5999999996, et: mousemove, pt: Object, href: https://www.justdial.com/Surat/Furniture-Concept-2…-Main-Road/0261PX261-X261-210611132404-N9N4_BZDET} @ blob:https://www.justdial.com/e8e39ffd-0486-4086-aa60-8166ac1823b1:105
[ 1829612ms] [LOG] norm {t: 438511.5999999996, et: mousemove, pt: Object, href: https://www.justdial.com/Surat/Furniture-Concept-2…-Main-Road/0261PX261-X261-210611132404-N9N4_BZDET} @ blob:https://www.justdial.com/e8e39ffd-0486-4086-aa60-8166ac1823b1:105
[ 1829612ms] [LOG] norm {t: 438561.7000000011, et: mousemove, pt: Object, href: https://www.justdial.com/Surat/Furniture-Concept-2…-Main-Road/0261PX261-X261-210611132404-N9N4_BZDET} @ blob:https://www.justdial.com/e8e39ffd-0486-4086-aa60-8166ac1823b1:105
[ 1829612ms] [LOG] norm {t: 1819879.8000000007, et: mousemove, pt: Object, href: https://www.justdial.com/Surat/Furniture-Concept-2…-Main-Road/0261PX261-X261-210611132404-N9N4_BZDET} @ blob:https://www.justdial.com/e8e39ffd-0486-4086-aa60-8166ac1823b1:105
[ 1829676ms] [LOG] shouldFlush n 0 200 dt 64 3000 false @ blob:https://www.justdial.com/e8e39ffd-0486-4086-aa60-8166ac1823b1:190
[ 1829744ms] [LOG] shouldFlush n 0 200 dt 131 3000 false @ blob:https://www.justdial.com/e8e39ffd-0486-4086-aa60-8166ac1823b1:190
[ 1830018ms] [LOG] shouldFlush n 0 200 dt 406 3000 false @ blob:https://www.justdial.com/e8e39ffd-0486-4086-aa60-8166ac1823b1:190
[ 1830244ms] [LOG] shouldFlush n 0 200 dt 631 3000 false @ blob:https://www.justdial.com/e8e39ffd-0486-4086-aa60-8166ac1823b1:190
[ 1830310ms] [LOG] shouldFlush n 0 200 dt 697 3000 false @ blob:https://www.justdial.com/e8e39ffd-0486-4086-aa60-8166ac1823b1:190
[ 1830453ms] [LOG] shouldFlush n 1 200 dt 841 3000 false @ blob:https://www.justdial.com/e8e39ffd-0486-4086-aa60-8166ac1823b1:190
[ 1830512ms] [LOG] shouldFlush n 2 200 dt 899 3000 false @ blob:https://www.justdial.com/e8e39ffd-0486-4086-aa60-8166ac1823b1:190
[ 1830578ms] [LOG] shouldFlush n 3 200 dt 966 3000 false @ blob:https://www.justdial.com/e8e39ffd-0486-4086-aa60-8166ac1823b1:190
[ 1830879ms] [LOG] shouldFlush n 3 200 dt 1266 3000 false @ blob:https://www.justdial.com/e8e39ffd-0486-4086-aa60-8166ac1823b1:190
[ 1830943ms] [LOG] shouldFlush n 3 200 dt 1331 3000 false @ blob:https://www.justdial.com/e8e39ffd-0486-4086-aa60-8166ac1823b1:190
[ 1831009ms] [LOG] shouldFlush n 3 200 dt 1397 3000 false @ blob:https://www.justdial.com/e8e39ffd-0486-4086-aa60-8166ac1823b1:190
[ 1831211ms] [LOG] shouldFlush n 3 200 dt 1599 3000 false @ blob:https://www.justdial.com/e8e39ffd-0486-4086-aa60-8166ac1823b1:190
[ 1831277ms] [LOG] shouldFlush n 3 200 dt 1664 3000 false @ blob:https://www.justdial.com/e8e39ffd-0486-4086-aa60-8166ac1823b1:190
[ 1831343ms] [LOG] shouldFlush n 3 200 dt 1730 3000 false @ blob:https://www.justdial.com/e8e39ffd-0486-4086-aa60-8166ac1823b1:190
[ 1831410ms] [LOG] shouldFlush n 3 200 dt 1797 3000 false @ blob:https://www.justdial.com/e8e39ffd-0486-4086-aa60-8166ac1823b1:190
[ 1831578ms] [LOG] shouldFlush n 3 200 dt 1965 3000 false @ blob:https://www.justdial.com/e8e39ffd-0486-4086-aa60-8166ac1823b1:190
[ 1831643ms] [LOG] shouldFlush n 3 200 dt 2031 3000 false @ blob:https://www.justdial.com/e8e39ffd-0486-4086-aa60-8166ac1823b1:190
[ 1831710ms] [LOG] shouldFlush n 3 200 dt 2097 3000 false @ blob:https://www.justdial.com/e8e39ffd-0486-4086-aa60-8166ac1823b1:190
[ 1831837ms] [LOG] shouldFlush n 3 200 dt 2224 3000 false @ blob:https://www.justdial.com/e8e39ffd-0486-4086-aa60-8166ac1823b1:190
[ 1832046ms] [LOG] shouldFlush n 4 200 dt 2433 3000 false @ blob:https://www.justdial.com/e8e39ffd-0486-4086-aa60-8166ac1823b1:190
[ 1832077ms] [LOG] shouldFlush n 4 200 dt 2465 3000 false @ blob:https://www.justdial.com/e8e39ffd-0486-4086-aa60-8166ac1823b1:190
[ 1832111ms] [LOG] shouldFlush n 5 200 dt 2498 3000 false @ blob:https://www.justdial.com/e8e39ffd-0486-4086-aa60-8166ac1823b1:190
[ 1832143ms] [LOG] shouldFlush n 5 200 dt 2531 3000 false @ blob:https://www.justdial.com/e8e39ffd-0486-4086-aa60-8166ac1823b1:190
[ 1832180ms] [LOG] shouldFlush n 6 200 dt 2568 3000 false @ blob:https://www.justdial.com/e8e39ffd-0486-4086-aa60-8166ac1823b1:190
[ 1832210ms] [LOG] shouldFlush n 6 200 dt 2597 3000 false @ blob:https://www.justdial.com/e8e39ffd-0486-4086-aa60-8166ac1823b1:190
[ 1832243ms] [LOG] shouldFlush n 7 200 dt 2631 3000 false @ blob:https://www.justdial.com/e8e39ffd-0486-4086-aa60-8166ac1823b1:190
[ 1832310ms] [LOG] shouldFlush n 8 200 dt 2697 3000 false @ blob:https://www.justdial.com/e8e39ffd-0486-4086-aa60-8166ac1823b1:190
[ 1832343ms] [LOG] shouldFlush n 8 200 dt 2731 3000 false @ blob:https://www.justdial.com/e8e39ffd-0486-4086-aa60-8166ac1823b1:190
[ 1832377ms] [LOG] shouldFlush n 9 200 dt 2764 3000 false @ blob:https://www.justdial.com/e8e39ffd-0486-4086-aa60-8166ac1823b1:190
[ 1832410ms] [LOG] shouldFlush n 9 200 dt 2798 3000 false @ blob:https://www.justdial.com/e8e39ffd-0486-4086-aa60-8166ac1823b1:190
[ 1832446ms] [LOG] shouldFlush n 10 200 dt 2833 3000 false @ blob:https://www.justdial.com/e8e39ffd-0486-4086-aa60-8166ac1823b1:190
[ 1832477ms] [LOG] shouldFlush n 10 200 dt 2864 3000 false @ blob:https://www.justdial.com/e8e39ffd-0486-4086-aa60-8166ac1823b1:190
[ 1832543ms] [LOG] shouldFlush n 10 200 dt 2930 3000 false @ blob:https://www.justdial.com/e8e39ffd-0486-4086-aa60-8166ac1823b1:190
[ 1832711ms] [LOG] shouldFlush n 10 200 dt 3099 3000 true @ blob:https://www.justdial.com/e8e39ffd-0486-4086-aa60-8166ac1823b1:190
[ 1832712ms] [LOG] norm {t: 1819945.7000000011, et: mousemove, pt: Object, href: https://www.justdial.com/Surat/Furniture-Concept-2…-Main-Road/0261PX261-X261-210611132404-N9N4_BZDET} @ blob:https://www.justdial.com/e8e39ffd-0486-4086-aa60-8166ac1823b1:105
[ 1832712ms] [LOG] norm {t: 1820012.8000000007, et: mousemove, pt: Object, href: https://www.justdial.com/Surat/Furniture-Concept-2…-Main-Road/0261PX261-X261-210611132404-N9N4_BZDET} @ blob:https://www.justdial.com/e8e39ffd-0486-4086-aa60-8166ac1823b1:105
[ 1832712ms] [LOG] norm {t: 1820287.7000000011, et: click, pt: Object, href: https://www.justdial.com/Surat/Furniture-Concept-2…-Main-Road/0261PX261-X261-210611132404-N9N4_BZDET} @ blob:https://www.justdial.com/e8e39ffd-0486-4086-aa60-8166ac1823b1:105
[ 1832712ms] [LOG] norm {t: 1820512.9000000004, et: mousemove, pt: Object, href: https://www.justdial.com/Surat/Furniture-Concept-2…-Main-Road/0261PX261-X261-210611132404-N9N4_BZDET} @ blob:https://www.justdial.com/e8e39ffd-0486-4086-aa60-8166ac1823b1:105
[ 1832712ms] [LOG] norm {t: 1820579.2000000011, et: mousemove, pt: Object, href: https://www.justdial.com/Surat/Furniture-Concept-2…-Main-Road/0261PX261-X261-210611132404-N9N4_BZDET} @ blob:https://www.justdial.com/e8e39ffd-0486-4086-aa60-8166ac1823b1:105
[ 1832712ms] [LOG] norm {t: 1821147.8000000007, et: mousemove, pt: Object, href: https://www.justdial.com/Surat/Furniture-Concept-2…-Main-Road/0261PX261-X261-210611132404-N9N4_BZDET} @ blob:https://www.justdial.com/e8e39ffd-0486-4086-aa60-8166ac1823b1:105
[ 1832712ms] [LOG] norm {t: 1821212.4000000004, et: mousemove, pt: Object, href: https://www.justdial.com/Surat/Furniture-Concept-2…-Main-Road/0261PX261-X261-210611132404-N9N4_BZDET} @ blob:https://www.justdial.com/e8e39ffd-0486-4086-aa60-8166ac1823b1:105
[ 1832712ms] [LOG] norm {t: 1821278.5, et: mousemove, pt: Object, href: https://www.justdial.com/Surat/Furniture-Concept-2…-Main-Road/0261PX261-X261-210611132404-N9N4_BZDET} @ blob:https://www.justdial.com/e8e39ffd-0486-4086-aa60-8166ac1823b1:105
[ 1832712ms] [LOG] norm {t: 1821480.2000000011, et: mousemove, pt: Object, href: https://www.justdial.com/Surat/Furniture-Concept-2…-Main-Road/0261PX261-X261-210611132404-N9N4_BZDET} @ blob:https://www.justdial.com/e8e39ffd-0486-4086-aa60-8166ac1823b1:105
[ 1832713ms] [LOG] norm {t: 1821546, et: mousemove, pt: Object, href: https://www.justdial.com/Surat/Furniture-Concept-2…-Main-Road/0261PX261-X261-210611132404-N9N4_BZDET} @ blob:https://www.justdial.com/e8e39ffd-0486-4086-aa60-8166ac1823b1:105
[ 1832713ms] [LOG] norm {t: 1821612.0999999996, et: mousemove, pt: Object, href: https://www.justdial.com/Surat/Furniture-Concept-2…-Main-Road/0261PX261-X261-210611132404-N9N4_BZDET} @ blob:https://www.justdial.com/e8e39ffd-0486-4086-aa60-8166ac1823b1:105
[ 1832713ms] [LOG] norm {t: 1821678.9000000004, et: mousemove, pt: Object, href: https://www.justdial.com/Surat/Furniture-Concept-2…-Main-Road/0261PX261-X261-210611132404-N9N4_BZDET} @ blob:https://www.justdial.com/e8e39ffd-0486-4086-aa60-8166ac1823b1:105
[ 1832713ms] [LOG] norm {t: 1821846.9000000004, et: mousemove, pt: Object, href: https://www.justdial.com/Surat/Furniture-Concept-2…-Main-Road/0261PX261-X261-210611132404-N9N4_BZDET} @ blob:https://www.justdial.com/e8e39ffd-0486-4086-aa60-8166ac1823b1:105
[ 1832713ms] [LOG] norm {t: 1821912.5, et: mousemove, pt: Object, href: https://www.justdial.com/Surat/Furniture-Concept-2…-Main-Road/0261PX261-X261-210611132404-N9N4_BZDET} @ blob:https://www.justdial.com/e8e39ffd-0486-4086-aa60-8166ac1823b1:105
[ 1832713ms] [LOG] norm {t: 1821979, et: mousemove, pt: Object, href: https://www.justdial.com/Surat/Furniture-Concept-2…-Main-Road/0261PX261-X261-210611132404-N9N4_BZDET} @ blob:https://www.justdial.com/e8e39ffd-0486-4086-aa60-8166ac1823b1:105
[ 1832713ms] [LOG] norm {t: 1822105.7000000011, et: click, pt: Object, href: https://www.justdial.com/Surat/Furniture-Concept-2…-Main-Road/0261PX261-X261-210611132404-N9N4_BZDET} @ blob:https://www.justdial.com/e8e39ffd-0486-4086-aa60-8166ac1823b1:105
[ 1832713ms] [LOG] norm {t: 1822346.4000000004, et: mousemove, pt: Object, href: https://www.justdial.com/Surat/Furniture-Concept-2…-Main-Road/0261PX261-X261-210611132404-N9N4_BZDET} @ blob:https://www.justdial.com/e8e39ffd-0486-4086-aa60-8166ac1823b1:105
[ 1832713ms] [LOG] norm {t: 1822412.8000000007, et: mousemove, pt: Object, href: https://www.justdial.com/Surat/Furniture-Concept-2…-Main-Road/0261PX261-X261-210611132404-N9N4_BZDET} @ blob:https://www.justdial.com/e8e39ffd-0486-4086-aa60-8166ac1823b1:105
[ 1832714ms] [LOG] norm {t: 1822479, et: mousemove, pt: Object, href: https://www.justdial.com/Surat/Furniture-Concept-2…-Main-Road/0261PX261-X261-210611132404-N9N4_BZDET} @ blob:https://www.justdial.com/e8e39ffd-0486-4086-aa60-8166ac1823b1:105
[ 1832714ms] [LOG] norm {t: 1822612.4000000004, et: mousemove, pt: Object, href: https://www.justdial.com/Surat/Furniture-Concept-2…-Main-Road/0261PX261-X261-210611132404-N9N4_BZDET} @ blob:https://www.justdial.com/e8e39ffd-0486-4086-aa60-8166ac1823b1:105
[ 1832714ms] [LOG] norm {t: 1822679.5, et: mousemove, pt: Object, href: https://www.justdial.com/Surat/Furniture-Concept-2…-Main-Road/0261PX261-X261-210611132404-N9N4_BZDET} @ blob:https://www.justdial.com/e8e39ffd-0486-4086-aa60-8166ac1823b1:105
[ 1832714ms] [LOG] norm {t: 1822746, et: mousemove, pt: Object, href: https://www.justdial.com/Surat/Furniture-Concept-2…-Main-Road/0261PX261-X261-210611132404-N9N4_BZDET} @ blob:https://www.justdial.com/e8e39ffd-0486-4086-aa60-8166ac1823b1:105
[ 1832714ms] [LOG] norm {t: 1822812.3000000007, et: mousemove, pt: Object, href: https://www.justdial.com/Surat/Furniture-Concept-2…-Main-Road/0261PX261-X261-210611132404-N9N4_BZDET} @ blob:https://www.justdial.com/e8e39ffd-0486-4086-aa60-8166ac1823b1:105
[ 1832715ms] [LOG] norm {t: 1822980.3000000007, et: mousemove, pt: Object, href: https://www.justdial.com/Surat/Furniture-Concept-2…-Main-Road/0261PX261-X261-210611132404-N9N4_BZDET} @ blob:https://www.justdial.com/e8e39ffd-0486-4086-aa60-8166ac1823b1:105
[ 1832777ms] [LOG] shouldFlush n 0 200 dt 61 3000 false @ blob:https://www.justdial.com/e8e39ffd-0486-4086-aa60-8166ac1823b1:190
[ 1832843ms] [LOG] shouldFlush n 0 200 dt 128 3000 false @ blob:https://www.justdial.com/e8e39ffd-0486-4086-aa60-8166ac1823b1:190
[ 1832987ms] [LOG] shouldFlush n 1 200 dt 271 3000 false @ blob:https://www.justdial.com/e8e39ffd-0486-4086-aa60-8166ac1823b1:190
[ 1833044ms] [LOG] shouldFlush n 2 200 dt 329 3000 false @ blob:https://www.justdial.com/e8e39ffd-0486-4086-aa60-8166ac1823b1:190
[ 1833143ms] [LOG] shouldFlush n 3 200 dt 428 3000 false @ blob:https://www.justdial.com/e8e39ffd-0486-4086-aa60-8166ac1823b1:190
[ 1833210ms] [LOG] shouldFlush n 4 200 dt 494 3000 false @ blob:https://www.justdial.com/e8e39ffd-0486-4086-aa60-8166ac1823b1:190
[ 1833277ms] [LOG] shouldFlush n 5 200 dt 561 3000 false @ blob:https://www.justdial.com/e8e39ffd-0486-4086-aa60-8166ac1823b1:190
[ 1833344ms] [LOG] shouldFlush n 6 200 dt 628 3000 false @ blob:https://www.justdial.com/e8e39ffd-0486-4086-aa60-8166ac1823b1:190
[ 1833477ms] [LOG] shouldFlush n 7 200 dt 761 3000 false @ blob:https://www.justdial.com/e8e39ffd-0486-4086-aa60-8166ac1823b1:190
[ 1833543ms] [LOG] shouldFlush n 8 200 dt 827 3000 false @ blob:https://www.justdial.com/e8e39ffd-0486-4086-aa60-8166ac1823b1:190
[ 1833610ms] [LOG] shouldFlush n 9 200 dt 895 3000 false @ blob:https://www.justdial.com/e8e39ffd-0486-4086-aa60-8166ac1823b1:190
[ 1833691ms] [LOG] shouldFlush n 10 200 dt 976 3000 false @ blob:https://www.justdial.com/e8e39ffd-0486-4086-aa60-8166ac1823b1:190
[ 1833777ms] [LOG] shouldFlush n 11 200 dt 1062 3000 false @ blob:https://www.justdial.com/e8e39ffd-0486-4086-aa60-8166ac1823b1:190
[ 1833844ms] [LOG] shouldFlush n 12 200 dt 1128 3000 false @ blob:https://www.justdial.com/e8e39ffd-0486-4086-aa60-8166ac1823b1:190
[ 1834077ms] [LOG] shouldFlush n 13 200 dt 1362 3000 false @ blob:https://www.justdial.com/e8e39ffd-0486-4086-aa60-8166ac1823b1:190
[ 1834144ms] [LOG] shouldFlush n 14 200 dt 1428 3000 false @ blob:https://www.justdial.com/e8e39ffd-0486-4086-aa60-8166ac1823b1:190
[ 1834210ms] [LOG] shouldFlush n 15 200 dt 1495 3000 false @ blob:https://www.justdial.com/e8e39ffd-0486-4086-aa60-8166ac1823b1:190
[ 1834289ms] [LOG] shouldFlush n 16 200 dt 1573 3000 false @ blob:https://www.justdial.com/e8e39ffd-0486-4086-aa60-8166ac1823b1:190
[ 1834344ms] [LOG] shouldFlush n 17 200 dt 1628 3000 false @ blob:https://www.justdial.com/e8e39ffd-0486-4086-aa60-8166ac1823b1:190
[ 1834412ms] [LOG] shouldFlush n 18 200 dt 1697 3000 false @ blob:https://www.justdial.com/e8e39ffd-0486-4086-aa60-8166ac1823b1:190
[ 1834613ms] [LOG] shouldFlush n 19 200 dt 1898 3000 false @ blob:https://www.justdial.com/e8e39ffd-0486-4086-aa60-8166ac1823b1:190
[ 1834679ms] [LOG] shouldFlush n 20 200 dt 1963 3000 false @ blob:https://www.justdial.com/e8e39ffd-0486-4086-aa60-8166ac1823b1:190
[ 1834744ms] [LOG] shouldFlush n 21 200 dt 2028 3000 false @ blob:https://www.justdial.com/e8e39ffd-0486-4086-aa60-8166ac1823b1:190
[ 1834854ms] [LOG] shouldFlush n 22 200 dt 2139 3000 false @ blob:https://www.justdial.com/e8e39ffd-0486-4086-aa60-8166ac1823b1:190
[ 1834911ms] [LOG] shouldFlush n 23 200 dt 2195 3000 false @ blob:https://www.justdial.com/e8e39ffd-0486-4086-aa60-8166ac1823b1:190
[ 1834977ms] [LOG] shouldFlush n 24 200 dt 2262 3000 false @ blob:https://www.justdial.com/e8e39ffd-0486-4086-aa60-8166ac1823b1:190
[ 1835388ms] [LOG] shouldFlush n 25 200 dt 2673 3000 false @ blob:https://www.justdial.com/e8e39ffd-0486-4086-aa60-8166ac1823b1:190
[ 1835446ms] [LOG] shouldFlush n 26 200 dt 2730 3000 false @ blob:https://www.justdial.com/e8e39ffd-0486-4086-aa60-8166ac1823b1:190
[ 1835512ms] [LOG] shouldFlush n 27 200 dt 2797 3000 false @ blob:https://www.justdial.com/e8e39ffd-0486-4086-aa60-8166ac1823b1:190
[ 1835577ms] [LOG] shouldFlush n 28 200 dt 2861 3000 false @ blob:https://www.justdial.com/e8e39ffd-0486-4086-aa60-8166ac1823b1:190
[ 1835643ms] [LOG] shouldFlush n 29 200 dt 2928 3000 false @ blob:https://www.justdial.com/e8e39ffd-0486-4086-aa60-8166ac1823b1:190
[ 1835651ms] [WARNING] [GPT] Slot.setTargeting is deprecated, use Slot.setConfig({targeting: ...}) instead.
https://goo.gle/gpt-message#171 @ https://securepubads.g.doubleclick.net/pagead/managed/js/gpt/m202605130101/pubads_impl.js?cb=31098807:18
[ 1835751ms] [LOG] shouldFlush n 30 200 dt 3036 3000 true @ blob:https://www.justdial.com/e8e39ffd-0486-4086-aa60-8166ac1823b1:190
[ 1835751ms] [LOG] norm {t: 1823045.8000000007, et: mousemove, pt: Object, href: https://www.justdial.com/Surat/Furniture-Concept-2…-Main-Road/0261PX261-X261-210611132404-N9N4_BZDET} @ blob:https://www.justdial.com/e8e39ffd-0486-4086-aa60-8166ac1823b1:105
[ 1835752ms] [LOG] norm {t: 1823112.5, et: mousemove, pt: Object, href: https://www.justdial.com/Surat/Furniture-Concept-2…-Main-Road/0261PX261-X261-210611132404-N9N4_BZDET} @ blob:https://www.justdial.com/e8e39ffd-0486-4086-aa60-8166ac1823b1:105
[ 1835810ms] [LOG] shouldFlush n 1 200 dt 58 3000 false @ blob:https://www.justdial.com/e8e39ffd-0486-4086-aa60-8166ac1823b1:190
[ 1835878ms] [LOG] shouldFlush n 2 200 dt 126 3000 false @ blob:https://www.justdial.com/e8e39ffd-0486-4086-aa60-8166ac1823b1:190
[ 1835944ms] [LOG] shouldFlush n 3 200 dt 192 3000 false @ blob:https://www.justdial.com/e8e39ffd-0486-4086-aa60-8166ac1823b1:190
[ 1836019ms] [LOG] shouldFlush n 4 200 dt 268 3000 false @ blob:https://www.justdial.com/e8e39ffd-0486-4086-aa60-8166ac1823b1:190
[ 1836078ms] [LOG] shouldFlush n 5 200 dt 327 3000 false @ blob:https://www.justdial.com/e8e39ffd-0486-4086-aa60-8166ac1823b1:190
[ 1836144ms] [LOG] shouldFlush n 6 200 dt 392 3000 false @ blob:https://www.justdial.com/e8e39ffd-0486-4086-aa60-8166ac1823b1:190
[ 1836212ms] [LOG] shouldFlush n 7 200 dt 460 3000 false @ blob:https://www.justdial.com/e8e39ffd-0486-4086-aa60-8166ac1823b1:190
[ 1836378ms] [LOG] shouldFlush n 8 200 dt 627 3000 false @ blob:https://www.justdial.com/e8e39ffd-0486-4086-aa60-8166ac1823b1:190
[ 1836432ms] [WARNING] [GPT] Slot desktop_dtlpg_ratingcount rendered inside of the viewport.
https://goo.gle/gpt-message#169 @ https://securepubads.g.doubleclick.net/pagead/managed/js/gpt/m202605130101/pubads_impl.js?cb=31098807:18
[ 1836448ms] [LOG] shouldFlush n 9 200 dt 696 3000 false @ blob:https://www.justdial.com/e8e39ffd-0486-4086-aa60-8166ac1823b1:190
[ 1836510ms] [LOG] shouldFlush n 10 200 dt 758 3000 false @ blob:https://www.justdial.com/e8e39ffd-0486-4086-aa60-8166ac1823b1:190
[ 1836577ms] [LOG] shouldFlush n 11 200 dt 825 3000 false @ blob:https://www.justdial.com/e8e39ffd-0486-4086-aa60-8166ac1823b1:190
[ 1836643ms] [LOG] shouldFlush n 12 200 dt 892 3000 false @ blob:https://www.justdial.com/e8e39ffd-0486-4086-aa60-8166ac1823b1:190
[ 1836710ms] [LOG] shouldFlush n 13 200 dt 959 3000 false @ blob:https://www.justdial.com/e8e39ffd-0486-4086-aa60-8166ac1823b1:190
[ 1836777ms] [LOG] shouldFlush n 14 200 dt 1025 3000 false @ blob:https://www.justdial.com/e8e39ffd-0486-4086-aa60-8166ac1823b1:190
[ 1836843ms] [LOG] shouldFlush n 15 200 dt 1092 3000 false @ blob:https://www.justdial.com/e8e39ffd-0486-4086-aa60-8166ac1823b1:190
[ 1836911ms] [LOG] shouldFlush n 16 200 dt 1159 3000 false @ blob:https://www.justdial.com/e8e39ffd-0486-4086-aa60-8166ac1823b1:190
[ 1837021ms] [LOG] shouldFlush n 17 200 dt 1269 3000 false @ blob:https://www.justdial.com/e8e39ffd-0486-4086-aa60-8166ac1823b1:190
[ 1837077ms] [LOG] shouldFlush n 18 200 dt 1325 3000 false @ blob:https://www.justdial.com/e8e39ffd-0486-4086-aa60-8166ac1823b1:190
[ 1837143ms] [LOG] shouldFlush n 19 200 dt 1392 3000 false @ blob:https://www.justdial.com/e8e39ffd-0486-4086-aa60-8166ac1823b1:190
[ 1837481ms] [ERROR] Attestation check for Shared Storage on https://www.googleadservices.com failed. @ https://www.googleadservices.com/pagead/managed/js/activeview/current/reach_worklet.html:0
[ 1837688ms] [LOG] shouldFlush n 19 200 dt 1936 3000 false @ blob:https://www.justdial.com/e8e39ffd-0486-4086-aa60-8166ac1823b1:190
[ 1837776ms] [LOG] shouldFlush n 19 200 dt 2025 3000 false @ blob:https://www.justdial.com/e8e39ffd-0486-4086-aa60-8166ac1823b1:190
[ 1837843ms] [LOG] shouldFlush n 19 200 dt 2091 3000 false @ blob:https://www.justdial.com/e8e39ffd-0486-4086-aa60-8166ac1823b1:190
[ 1838410ms] [LOG] shouldFlush n 19 200 dt 2659 3000 false @ blob:https://www.justdial.com/e8e39ffd-0486-4086-aa60-8166ac1823b1:190
[ 1838477ms] [LOG] shouldFlush n 19 200 dt 2725 3000 false @ blob:https://www.justdial.com/e8e39ffd-0486-4086-aa60-8166ac1823b1:190
[ 1839910ms] [LOG] shouldFlush n 20 200 dt 4158 3000 true @ blob:https://www.justdial.com/e8e39ffd-0486-4086-aa60-8166ac1823b1:190
[ 1839910ms] [LOG] norm {t: 1827957.2000000011, et: click, pt: Object, href: https://www.justdial.com/Surat/Furniture-Concept-2…-Main-Road/0261PX261-X261-210611132404-N9N4_BZDET} @ blob:https://www.justdial.com/e8e39ffd-0486-4086-aa60-8166ac1823b1:105
[ 1839910ms] [LOG] norm {t: 1828045.5, et: mousemove, pt: Object, href: https://www.justdial.com/Surat/Furniture-Concept-2…-Main-Road/0261PX261-X261-210611132404-N9N4_BZDET} @ blob:https://www.justdial.com/e8e39ffd-0486-4086-aa60-8166ac1823b1:105
[ 1839910ms] [LOG] norm {t: 1828112.2000000011, et: mousemove, pt: Object, href: https://www.justdial.com/Surat/Furniture-Concept-2…-Main-Road/0261PX261-X261-210611132404-N9N4_BZDET} @ blob:https://www.justdial.com/e8e39ffd-0486-4086-aa60-8166ac1823b1:105
[ 1839910ms] [LOG] norm {t: 1828679.7000000011, et: mousemove, pt: Object, href: https://www.justdial.com/Surat/Furniture-Concept-2…-Main-Road/0261PX261-X261-210611132404-N9N4_BZDET} @ blob:https://www.justdial.com/e8e39ffd-0486-4086-aa60-8166ac1823b1:105
[ 1839910ms] [LOG] norm {t: 1828746.2000000011, et: mousemove, pt: Object, href: https://www.justdial.com/Surat/Furniture-Concept-2…-Main-Road/0261PX261-X261-210611132404-N9N4_BZDET} @ blob:https://www.justdial.com/e8e39ffd-0486-4086-aa60-8166ac1823b1:105
[ 1841913ms] [LOG] shouldFlush n 1 200 dt 2003 3000 false @ blob:https://www.justdial.com/e8e39ffd-0486-4086-aa60-8166ac1823b1:190
[ 1841979ms] [LOG] shouldFlush n 2 200 dt 2068 3000 false @ blob:https://www.justdial.com/e8e39ffd-0486-4086-aa60-8166ac1823b1:190
[ 1842044ms] [LOG] shouldFlush n 3 200 dt 2133 3000 false @ blob:https://www.justdial.com/e8e39ffd-0486-4086-aa60-8166ac1823b1:190
[ 1842111ms] [LOG] shouldFlush n 4 200 dt 2200 3000 false @ blob:https://www.justdial.com/e8e39ffd-0486-4086-aa60-8166ac1823b1:190
[ 1842177ms] [LOG] shouldFlush n 4 200 dt 2267 3000 false @ blob:https://www.justdial.com/e8e39ffd-0486-4086-aa60-8166ac1823b1:190
[ 1842243ms] [LOG] shouldFlush n 4 200 dt 2333 3000 false @ blob:https://www.justdial.com/e8e39ffd-0486-4086-aa60-8166ac1823b1:190
[ 1842489ms] [LOG] shouldFlush n 5 200 dt 2578 3000 false @ blob:https://www.justdial.com/e8e39ffd-0486-4086-aa60-8166ac1823b1:190
[ 1842545ms] [LOG] shouldFlush n 6 200 dt 2635 3000 false @ blob:https://www.justdial.com/e8e39ffd-0486-4086-aa60-8166ac1823b1:190
[ 1842610ms] [LOG] shouldFlush n 7 200 dt 2700 3000 false @ blob:https://www.justdial.com/e8e39ffd-0486-4086-aa60-8166ac1823b1:190
[ 1842677ms] [LOG] shouldFlush n 8 200 dt 2766 3000 false @ blob:https://www.justdial.com/e8e39ffd-0486-4086-aa60-8166ac1823b1:190
[ 1842744ms] [LOG] shouldFlush n 9 200 dt 2833 3000 false @ blob:https://www.justdial.com/e8e39ffd-0486-4086-aa60-8166ac1823b1:190
[ 1842842ms] [LOG] shouldFlush n 10 200 dt 2932 3000 false @ blob:https://www.justdial.com/e8e39ffd-0486-4086-aa60-8166ac1823b1:190
[ 1842910ms] [LOG] shouldFlush n 11 200 dt 3000 3000 true @ blob:https://www.justdial.com/e8e39ffd-0486-4086-aa60-8166ac1823b1:190
[ 1842910ms] [LOG] norm {t: 1832446.5, et: mousemove, pt: Object, href: https://www.justdial.com/Surat/Furniture-Concept-2…-Main-Road/0261PX261-X261-210611132404-N9N4_BZDET} @ blob:https://www.justdial.com/e8e39ffd-0486-4086-aa60-8166ac1823b1:105
[ 1842910ms] [LOG] norm {t: 1832512.7000000011, et: mousemove, pt: Object, href: https://www.justdial.com/Surat/Furniture-Concept-2…-Main-Road/0261PX261-X261-210611132404-N9N4_BZDET} @ blob:https://www.justdial.com/e8e39ffd-0486-4086-aa60-8166ac1823b1:105
[ 1842977ms] [LOG] shouldFlush n 1 200 dt 67 3000 false @ blob:https://www.justdial.com/e8e39ffd-0486-4086-aa60-8166ac1823b1:190
[ 1843545ms] [LOG] shouldFlush n 2 200 dt 635 3000 false @ blob:https://www.justdial.com/e8e39ffd-0486-4086-aa60-8166ac1823b1:190
[ 1843613ms] [LOG] shouldFlush n 3 200 dt 702 3000 false @ blob:https://www.justdial.com/e8e39ffd-0486-4086-aa60-8166ac1823b1:190
[ 1843677ms] [LOG] shouldFlush n 4 200 dt 767 3000 false @ blob:https://www.justdial.com/e8e39ffd-0486-4086-aa60-8166ac1823b1:190
[ 1843744ms] [LOG] shouldFlush n 5 200 dt 834 3000 false @ blob:https://www.justdial.com/e8e39ffd-0486-4086-aa60-8166ac1823b1:190
[ 1843812ms] [LOG] shouldFlush n 6 200 dt 901 3000 false @ blob:https://www.justdial.com/e8e39ffd-0486-4086-aa60-8166ac1823b1:190
[ 1843911ms] [LOG] shouldFlush n 7 200 dt 1000 3000 false @ blob:https://www.justdial.com/e8e39ffd-0486-4086-aa60-8166ac1823b1:190
[ 1843977ms] [LOG] shouldFlush n 8 200 dt 1067 3000 false @ blob:https://www.justdial.com/e8e39ffd-0486-4086-aa60-8166ac1823b1:190
[ 1844044ms] [LOG] shouldFlush n 9 200 dt 1133 3000 false @ blob:https://www.justdial.com/e8e39ffd-0486-4086-aa60-8166ac1823b1:190
[ 1844110ms] [LOG] shouldFlush n 10 200 dt 1200 3000 false @ blob:https://www.justdial.com/e8e39ffd-0486-4086-aa60-8166ac1823b1:190
[ 1844210ms] [LOG] shouldFlush n 11 200 dt 1300 3000 false @ blob:https://www.justdial.com/e8e39ffd-0486-4086-aa60-8166ac1823b1:190
[ 1844277ms] [LOG] shouldFlush n 12 200 dt 1367 3000 false @ blob:https://www.justdial.com/e8e39ffd-0486-4086-aa60-8166ac1823b1:190
[ 1844344ms] [LOG] shouldFlush n 13 200 dt 1433 3000 false @ blob:https://www.justdial.com/e8e39ffd-0486-4086-aa60-8166ac1823b1:190
[ 1844412ms] [LOG] shouldFlush n 14 200 dt 1501 3000 false @ blob:https://www.justdial.com/e8e39ffd-0486-4086-aa60-8166ac1823b1:190
[ 1844477ms] [LOG] shouldFlush n 15 200 dt 1567 3000 false @ blob:https://www.justdial.com/e8e39ffd-0486-4086-aa60-8166ac1823b1:190
[ 1844543ms] [LOG] shouldFlush n 16 200 dt 1633 3000 false @ blob:https://www.justdial.com/e8e39ffd-0486-4086-aa60-8166ac1823b1:190
[ 1844611ms] [LOG] shouldFlush n 17 200 dt 1700 3000 false @ blob:https://www.justdial.com/e8e39ffd-0486-4086-aa60-8166ac1823b1:190
[ 1844677ms] [LOG] shouldFlush n 18 200 dt 1767 3000 false @ blob:https://www.justdial.com/e8e39ffd-0486-4086-aa60-8166ac1823b1:190
[ 1844811ms] [LOG] shouldFlush n 19 200 dt 1900 3000 false @ blob:https://www.justdial.com/e8e39ffd-0486-4086-aa60-8166ac1823b1:190
[ 1844878ms] [LOG] shouldFlush n 20 200 dt 1968 3000 false @ blob:https://www.justdial.com/e8e39ffd-0486-4086-aa60-8166ac1823b1:190
[ 1845044ms] [LOG] shouldFlush n 21 200 dt 2133 3000 false @ blob:https://www.justdial.com/e8e39ffd-0486-4086-aa60-8166ac1823b1:190
[ 1845112ms] [LOG] shouldFlush n 22 200 dt 2202 3000 false @ blob:https://www.justdial.com/e8e39ffd-0486-4086-aa60-8166ac1823b1:190
[ 1845177ms] [LOG] shouldFlush n 23 200 dt 2267 3000 false @ blob:https://www.justdial.com/e8e39ffd-0486-4086-aa60-8166ac1823b1:190
[ 1845245ms] [LOG] shouldFlush n 24 200 dt 2335 3000 false @ blob:https://www.justdial.com/e8e39ffd-0486-4086-aa60-8166ac1823b1:190
[ 1845581ms] [LOG] shouldFlush n 25 200 dt 2670 3000 false @ blob:https://www.justdial.com/e8e39ffd-0486-4086-aa60-8166ac1823b1:190
[ 1845646ms] [LOG] shouldFlush n 26 200 dt 2735 3000 false @ blob:https://www.justdial.com/e8e39ffd-0486-4086-aa60-8166ac1823b1:190
[ 1845713ms] [LOG] shouldFlush n 27 200 dt 2802 3000 false @ blob:https://www.justdial.com/e8e39ffd-0486-4086-aa60-8166ac1823b1:190
[ 1845824ms] [LOG] shouldFlush n 28 200 dt 2914 3000 false @ blob:https://www.justdial.com/e8e39ffd-0486-4086-aa60-8166ac1823b1:190
[ 1845877ms] [LOG] shouldFlush n 29 200 dt 2966 3000 false @ blob:https://www.justdial.com/e8e39ffd-0486-4086-aa60-8166ac1823b1:190
[ 1845946ms] [LOG] shouldFlush n 30 200 dt 3035 3000 true @ blob:https://www.justdial.com/e8e39ffd-0486-4086-aa60-8166ac1823b1:190
[ 1846012ms] [LOG] shouldFlush n 1 200 dt 65 3000 false @ blob:https://www.justdial.com/e8e39ffd-0486-4086-aa60-8166ac1823b1:190
[ 1846120ms] [LOG] shouldFlush n 1 200 dt 173 3000 false @ blob:https://www.justdial.com/e8e39ffd-0486-4086-aa60-8166ac1823b1:190
[ 1846177ms] [LOG] shouldFlush n 1 200 dt 231 3000 false @ blob:https://www.justdial.com/e8e39ffd-0486-4086-aa60-8166ac1823b1:190
[ 1846243ms] [LOG] shouldFlush n 1 200 dt 297 3000 false @ blob:https://www.justdial.com/e8e39ffd-0486-4086-aa60-8166ac1823b1:190
[ 1846344ms] [LOG] shouldFlush n 2 200 dt 397 3000 false @ blob:https://www.justdial.com/e8e39ffd-0486-4086-aa60-8166ac1823b1:190
[ 1846411ms] [LOG] shouldFlush n 3 200 dt 464 3000 false @ blob:https://www.justdial.com/e8e39ffd-0486-4086-aa60-8166ac1823b1:190
[ 1846477ms] [LOG] shouldFlush n 4 200 dt 531 3000 false @ blob:https://www.justdial.com/e8e39ffd-0486-4086-aa60-8166ac1823b1:190
[ 1846543ms] [LOG] shouldFlush n 5 200 dt 597 3000 false @ blob:https://www.justdial.com/e8e39ffd-0486-4086-aa60-8166ac1823b1:190
[ 1846611ms] [LOG] shouldFlush n 6 200 dt 664 3000 false @ blob:https://www.justdial.com/e8e39ffd-0486-4086-aa60-8166ac1823b1:190
[ 1846677ms] [LOG] shouldFlush n 7 200 dt 731 3000 false @ blob:https://www.justdial.com/e8e39ffd-0486-4086-aa60-8166ac1823b1:190
[ 1846743ms] [LOG] shouldFlush n 8 200 dt 797 3000 false @ blob:https://www.justdial.com/e8e39ffd-0486-4086-aa60-8166ac1823b1:190
[ 1846810ms] [LOG] shouldFlush n 9 200 dt 864 3000 false @ blob:https://www.justdial.com/e8e39ffd-0486-4086-aa60-8166ac1823b1:190
[ 1846877ms] [LOG] shouldFlush n 10 200 dt 930 3000 false @ blob:https://www.justdial.com/e8e39ffd-0486-4086-aa60-8166ac1823b1:190
[ 1846944ms] [LOG] shouldFlush n 11 200 dt 997 3000 false @ blob:https://www.justdial.com/e8e39ffd-0486-4086-aa60-8166ac1823b1:190
[ 1847010ms] [LOG] shouldFlush n 12 200 dt 1063 3000 false @ blob:https://www.justdial.com/e8e39ffd-0486-4086-aa60-8166ac1823b1:190
[ 1847079ms] [LOG] shouldFlush n 13 200 dt 1132 3000 false @ blob:https://www.justdial.com/e8e39ffd-0486-4086-aa60-8166ac1823b1:190
[ 1847179ms] [LOG] shouldFlush n 14 200 dt 1232 3000 false @ blob:https://www.justdial.com/e8e39ffd-0486-4086-aa60-8166ac1823b1:190
[ 1847246ms] [LOG] shouldFlush n 15 200 dt 1299 3000 false @ blob:https://www.justdial.com/e8e39ffd-0486-4086-aa60-8166ac1823b1:190
[ 1847312ms] [LOG] shouldFlush n 16 200 dt 1365 3000 false @ blob:https://www.justdial.com/e8e39ffd-0486-4086-aa60-8166ac1823b1:190
[ 1847379ms] [LOG] shouldFlush n 17 200 dt 1432 3000 false @ blob:https://www.justdial.com/e8e39ffd-0486-4086-aa60-8166ac1823b1:190
[ 1847511ms] [LOG] shouldFlush n 18 200 dt 1564 3000 false @ blob:https://www.justdial.com/e8e39ffd-0486-4086-aa60-8166ac1823b1:190
[ 1847579ms] [LOG] shouldFlush n 19 200 dt 1632 3000 false @ blob:https://www.justdial.com/e8e39ffd-0486-4086-aa60-8166ac1823b1:190
[ 1847645ms] [LOG] shouldFlush n 20 200 dt 1699 3000 false @ blob:https://www.justdial.com/e8e39ffd-0486-4086-aa60-8166ac1823b1:190
[ 1847879ms] [LOG] shouldFlush n 21 200 dt 1932 3000 false @ blob:https://www.justdial.com/e8e39ffd-0486-4086-aa60-8166ac1823b1:190
[ 1847945ms] [LOG] shouldFlush n 22 200 dt 1999 3000 false @ blob:https://www.justdial.com/e8e39ffd-0486-4086-aa60-8166ac1823b1:190
[ 1848012ms] [LOG] shouldFlush n 23 200 dt 2066 3000 false @ blob:https://www.justdial.com/e8e39ffd-0486-4086-aa60-8166ac1823b1:190
[ 1848079ms] [LOG] shouldFlush n 24 200 dt 2132 3000 false @ blob:https://www.justdial.com/e8e39ffd-0486-4086-aa60-8166ac1823b1:190
[ 1848145ms] [LOG] shouldFlush n 25 200 dt 2199 3000 false @ blob:https://www.justdial.com/e8e39ffd-0486-4086-aa60-8166ac1823b1:190
[ 1848211ms] [LOG] shouldFlush n 26 200 dt 2264 3000 false @ blob:https://www.justdial.com/e8e39ffd-0486-4086-aa60-8166ac1823b1:190
[ 1848280ms] [LOG] shouldFlush n 27 200 dt 2333 3000 false @ blob:https://www.justdial.com/e8e39ffd-0486-4086-aa60-8166ac1823b1:190
[ 1848345ms] [LOG] shouldFlush n 28 200 dt 2398 3000 false @ blob:https://www.justdial.com/e8e39ffd-0486-4086-aa60-8166ac1823b1:190
[ 1848410ms] [LOG] shouldFlush n 29 200 dt 2464 3000 false @ blob:https://www.justdial.com/e8e39ffd-0486-4086-aa60-8166ac1823b1:190
[ 1848520ms] [LOG] shouldFlush n 30 200 dt 2573 3000 false @ blob:https://www.justdial.com/e8e39ffd-0486-4086-aa60-8166ac1823b1:190
[ 1848578ms] [LOG] shouldFlush n 31 200 dt 2632 3000 false @ blob:https://www.justdial.com/e8e39ffd-0486-4086-aa60-8166ac1823b1:190
[ 1848645ms] [LOG] shouldFlush n 32 200 dt 2698 3000 false @ blob:https://www.justdial.com/e8e39ffd-0486-4086-aa60-8166ac1823b1:190
[ 1848712ms] [LOG] shouldFlush n 33 200 dt 2766 3000 false @ blob:https://www.justdial.com/e8e39ffd-0486-4086-aa60-8166ac1823b1:190
[ 1848780ms] [LOG] shouldFlush n 34 200 dt 2834 3000 false @ blob:https://www.justdial.com/e8e39ffd-0486-4086-aa60-8166ac1823b1:190
[ 1848854ms] [LOG] shouldFlush n 35 200 dt 2908 3000 false @ blob:https://www.justdial.com/e8e39ffd-0486-4086-aa60-8166ac1823b1:190
[ 1848912ms] [LOG] shouldFlush n 36 200 dt 2966 3000 false @ blob:https://www.justdial.com/e8e39ffd-0486-4086-aa60-8166ac1823b1:190
[ 1848979ms] [LOG] shouldFlush n 37 200 dt 3032 3000 true @ blob:https://www.justdial.com/e8e39ffd-0486-4086-aa60-8166ac1823b1:190
[ 1848979ms] [LOG] norm {t: 1836389.0999999996, et: mousemove, pt: Object, href: https://www.justdial.com/Surat/Furniture-Concept-2…-Main-Road/0261PX261-X261-210611132404-N9N4_BZDET} @ blob:https://www.justdial.com/e8e39ffd-0486-4086-aa60-8166ac1823b1:105
[ 1848980ms] [LOG] norm {t: 1836446.5, et: mousemove, pt: Object, href: https://www.justdial.com/Surat/Furniture-Concept-2…-Main-Road/0261PX261-X261-210611132404-N9N4_BZDET} @ blob:https://www.justdial.com/e8e39ffd-0486-4086-aa60-8166ac1823b1:105
[ 1848980ms] [LOG] norm {t: 1836512.8000000007, et: mousemove, pt: Object, href: https://www.justdial.com/Surat/Furniture-Concept-2…-Main-Road/0261PX261-X261-210611132404-N9N4_BZDET} @ blob:https://www.justdial.com/e8e39ffd-0486-4086-aa60-8166ac1823b1:105
[ 1849044ms] [LOG] shouldFlush n 1 200 dt 65 3000 false @ blob:https://www.justdial.com/e8e39ffd-0486-4086-aa60-8166ac1823b1:190
[ 1849110ms] [LOG] shouldFlush n 2 200 dt 131 3000 false @ blob:https://www.justdial.com/e8e39ffd-0486-4086-aa60-8166ac1823b1:190
[ 1849177ms] [LOG] shouldFlush n 3 200 dt 198 3000 false @ blob:https://www.justdial.com/e8e39ffd-0486-4086-aa60-8166ac1823b1:190
[ 1849252ms] [LOG] shouldFlush n 4 200 dt 273 3000 false @ blob:https://www.justdial.com/e8e39ffd-0486-4086-aa60-8166ac1823b1:190
[ 1849311ms] [LOG] shouldFlush n 5 200 dt 331 3000 false @ blob:https://www.justdial.com/e8e39ffd-0486-4086-aa60-8166ac1823b1:190
[ 1849380ms] [LOG] shouldFlush n 6 200 dt 400 3000 false @ blob:https://www.justdial.com/e8e39ffd-0486-4086-aa60-8166ac1823b1:190
[ 1849443ms] [LOG] shouldFlush n 7 200 dt 464 3000 false @ blob:https://www.justdial.com/e8e39ffd-0486-4086-aa60-8166ac1823b1:190
[ 1849512ms] [LOG] shouldFlush n 8 200 dt 533 3000 false @ blob:https://www.justdial.com/e8e39ffd-0486-4086-aa60-8166ac1823b1:190
[ 1849577ms] [LOG] shouldFlush n 9 200 dt 597 3000 false @ blob:https://www.justdial.com/e8e39ffd-0486-4086-aa60-8166ac1823b1:190
[ 1849644ms] [LOG] shouldFlush n 10 200 dt 664 3000 false @ blob:https://www.justdial.com/e8e39ffd-0486-4086-aa60-8166ac1823b1:190
[ 1849713ms] [LOG] shouldFlush n 11 200 dt 734 3000 false @ blob:https://www.justdial.com/e8e39ffd-0486-4086-aa60-8166ac1823b1:190
[ 1849777ms] [LOG] shouldFlush n 11 200 dt 797 3000 false @ blob:https://www.justdial.com/e8e39ffd-0486-4086-aa60-8166ac1823b1:190
[ 1849844ms] [LOG] shouldFlush n 11 200 dt 864 3000 false @ blob:https://www.justdial.com/e8e39ffd-0486-4086-aa60-8166ac1823b1:190
[ 1849977ms] [LOG] shouldFlush n 12 200 dt 998 3000 false @ blob:https://www.justdial.com/e8e39ffd-0486-4086-aa60-8166ac1823b1:190
[ 1850556ms] [LOG] shouldFlush n 12 200 dt 1576 3000 false @ blob:https://www.justdial.com/e8e39ffd-0486-4086-aa60-8166ac1823b1:190
[ 1850622ms] [LOG] shouldFlush n 12 200 dt 1642 3000 false @ blob:https://www.justdial.com/e8e39ffd-0486-4086-aa60-8166ac1823b1:190
[ 1850687ms] [LOG] shouldFlush n 12 200 dt 1708 3000 false @ blob:https://www.justdial.com/e8e39ffd-0486-4086-aa60-8166ac1823b1:190
[ 1850744ms] [LOG] shouldFlush n 12 200 dt 1764 3000 false @ blob:https://www.justdial.com/e8e39ffd-0486-4086-aa60-8166ac1823b1:190
[ 1850810ms] [LOG] shouldFlush n 12 200 dt 1831 3000 false @ blob:https://www.justdial.com/e8e39ffd-0486-4086-aa60-8166ac1823b1:190
[ 1850877ms] [LOG] shouldFlush n 12 200 dt 1897 3000 false @ blob:https://www.justdial.com/e8e39ffd-0486-4086-aa60-8166ac1823b1:190
[ 1850943ms] [LOG] shouldFlush n 12 200 dt 1964 3000 false @ blob:https://www.justdial.com/e8e39ffd-0486-4086-aa60-8166ac1823b1:190
[ 1851010ms] [LOG] shouldFlush n 12 200 dt 2031 3000 false @ blob:https://www.justdial.com/e8e39ffd-0486-4086-aa60-8166ac1823b1:190
[ 1851077ms] [LOG] shouldFlush n 12 200 dt 2097 3000 false @ blob:https://www.justdial.com/e8e39ffd-0486-4086-aa60-8166ac1823b1:190
[ 1851144ms] [LOG] shouldFlush n 12 200 dt 2164 3000 false @ blob:https://www.justdial.com/e8e39ffd-0486-4086-aa60-8166ac1823b1:190
[ 1851210ms] [LOG] shouldFlush n 12 200 dt 2231 3000 false @ blob:https://www.justdial.com/e8e39ffd-0486-4086-aa60-8166ac1823b1:190
[ 1851446ms] [LOG] shouldFlush n 12 200 dt 2467 3000 false @ blob:https://www.justdial.com/e8e39ffd-0486-4086-aa60-8166ac1823b1:190
[ 1851510ms] [LOG] shouldFlush n 12 200 dt 2531 3000 false @ blob:https://www.justdial.com/e8e39ffd-0486-4086-aa60-8166ac1823b1:190
[ 1851578ms] [LOG] shouldFlush n 12 200 dt 2598 3000 false @ blob:https://www.justdial.com/e8e39ffd-0486-4086-aa60-8166ac1823b1:190
[ 1851645ms] [LOG] shouldFlush n 12 200 dt 2665 3000 false @ blob:https://www.justdial.com/e8e39ffd-0486-4086-aa60-8166ac1823b1:190
[ 1852046ms] [LOG] shouldFlush n 12 200 dt 3067 3000 true @ blob:https://www.justdial.com/e8e39ffd-0486-4086-aa60-8166ac1823b1:190
[ 1852047ms] [LOG] norm {t: 1840046.3000000007, et: mousemove, pt: Object, href: https://www.justdial.com/Surat/Furniture-Concept-2…-Main-Road/0261PX261-X261-210611132404-N9N4_BZDET} @ blob:https://www.justdial.com/e8e39ffd-0486-4086-aa60-8166ac1823b1:105
[ 1852047ms] [LOG] norm {t: 1840113, et: mousemove, pt: Object, href: https://www.justdial.com/Surat/Furniture-Concept-2…-Main-Road/0261PX261-X261-210611132404-N9N4_BZDET} @ blob:https://www.justdial.com/e8e39ffd-0486-4086-aa60-8166ac1823b1:105
[ 1852047ms] [LOG] norm {t: 1840825.3000000007, et: mousemove, pt: Object, href: https://www.justdial.com/Surat/Furniture-Concept-2…-Main-Road/0261PX261-X261-210611132404-N9N4_BZDET} @ blob:https://www.justdial.com/e8e39ffd-0486-4086-aa60-8166ac1823b1:105
[ 1852047ms] [LOG] norm {t: 1840891.3000000007, et: mousemove, pt: Object, href: https://www.justdial.com/Surat/Furniture-Concept-2…-Main-Road/0261PX261-X261-210611132404-N9N4_BZDET} @ blob:https://www.justdial.com/e8e39ffd-0486-4086-aa60-8166ac1823b1:105
[ 1852047ms] [LOG] norm {t: 1840956.5999999996, et: mousemove, pt: Object, href: https://www.justdial.com/Surat/Furniture-Concept-2…-Main-Road/0261PX261-X261-210611132404-N9N4_BZDET} @ blob:https://www.justdial.com/e8e39ffd-0486-4086-aa60-8166ac1823b1:105
[ 1852047ms] [LOG] norm {t: 1841012.8000000007, et: mousemove, pt: Object, href: https://www.justdial.com/Surat/Furniture-Concept-2…-Main-Road/0261PX261-X261-210611132404-N9N4_BZDET} @ blob:https://www.justdial.com/e8e39ffd-0486-4086-aa60-8166ac1823b1:105
[ 1852047ms] [LOG] norm {t: 1841079.3000000007, et: mousemove, pt: Object, href: https://www.justdial.com/Surat/Furniture-Concept-2…-Main-Road/0261PX261-X261-210611132404-N9N4_BZDET} @ blob:https://www.justdial.com/e8e39ffd-0486-4086-aa60-8166ac1823b1:105
[ 1852048ms] [LOG] norm {t: 1841145.9000000004, et: mousemove, pt: Object, href: https://www.justdial.com/Surat/Furniture-Concept-2…-Main-Road/0261PX261-X261-210611132404-N9N4_BZDET} @ blob:https://www.justdial.com/e8e39ffd-0486-4086-aa60-8166ac1823b1:105
[ 1852048ms] [LOG] norm {t: 1841212.5, et: mousemove, pt: Object, href: https://www.justdial.com/Surat/Furniture-Concept-2…-Main-Road/0261PX261-X261-210611132404-N9N4_BZDET} @ blob:https://www.justdial.com/e8e39ffd-0486-4086-aa60-8166ac1823b1:105
[ 1852048ms] [LOG] norm {t: 1841279.4000000004, et: mousemove, pt: Object, href: https://www.justdial.com/Surat/Furniture-Concept-2…-Main-Road/0261PX261-X261-210611132404-N9N4_BZDET} @ blob:https://www.justdial.com/e8e39ffd-0486-4086-aa60-8166ac1823b1:105
[ 1852048ms] [LOG] norm {t: 1841346.2000000011, et: mousemove, pt: Object, href: https://www.justdial.com/Surat/Furniture-Concept-2…-Main-Road/0261PX261-X261-210611132404-N9N4_BZDET} @ blob:https://www.justdial.com/e8e39ffd-0486-4086-aa60-8166ac1823b1:105
[ 1852048ms] [LOG] norm {t: 1841413.0999999996, et: mousemove, pt: Object, href: https://www.justdial.com/Surat/Furniture-Concept-2…-Main-Road/0261PX261-X261-210611132404-N9N4_BZDET} @ blob:https://www.justdial.com/e8e39ffd-0486-4086-aa60-8166ac1823b1:105
[ 1852048ms] [LOG] norm {t: 1841479.5, et: mousemove, pt: Object, href: https://www.justdial.com/Surat/Furniture-Concept-2…-Main-Road/0261PX261-X261-210611132404-N9N4_BZDET} @ blob:https://www.justdial.com/e8e39ffd-0486-4086-aa60-8166ac1823b1:105
[ 1852048ms] [LOG] norm {t: 1841715, et: mousemove, pt: Object, href: https://www.justdial.com/Surat/Furniture-Concept-2…-Main-Road/0261PX261-X261-210611132404-N9N4_BZDET} @ blob:https://www.justdial.com/e8e39ffd-0486-4086-aa60-8166ac1823b1:105
[ 1852048ms] [LOG] norm {t: 1841779.4000000004, et: mousemove, pt: Object, href: https://www.justdial.com/Surat/Furniture-Concept-2…-Main-Road/0261PX261-X261-210611132404-N9N4_BZDET} @ blob:https://www.justdial.com/e8e39ffd-0486-4086-aa60-8166ac1823b1:105
[ 1852049ms] [LOG] norm {t: 1841846.9000000004, et: mousemove, pt: Object, href: https://www.justdial.com/Surat/Furniture-Concept-2…-Main-Road/0261PX261-X261-210611132404-N9N4_BZDET} @ blob:https://www.justdial.com/e8e39ffd-0486-4086-aa60-8166ac1823b1:105
[ 1852049ms] [LOG] norm {t: 1841914.0999999996, et: mousemove, pt: Object, href: https://www.justdial.com/Surat/Furniture-Concept-2…-Main-Road/0261PX261-X261-210611132404-N9N4_BZDET} @ blob:https://www.justdial.com/e8e39ffd-0486-4086-aa60-8166ac1823b1:105
[ 1852049ms] [LOG] norm {t: 1842315.5, et: mousemove, pt: Object, href: https://www.justdial.com/Surat/Furniture-Concept-2…-Main-Road/0261PX261-X261-210611132404-N9N4_BZDET} @ blob:https://www.justdial.com/e8e39ffd-0486-4086-aa60-8166ac1823b1:105
[ 1852110ms] [LOG] shouldFlush n 0 200 dt 61 3000 false @ blob:https://www.justdial.com/e8e39ffd-0486-4086-aa60-8166ac1823b1:190
[ 1852177ms] [LOG] shouldFlush n 0 200 dt 128 3000 false @ blob:https://www.justdial.com/e8e39ffd-0486-4086-aa60-8166ac1823b1:190
[ 1852243ms] [LOG] shouldFlush n 0 200 dt 195 3000 false @ blob:https://www.justdial.com/e8e39ffd-0486-4086-aa60-8166ac1823b1:190
[ 1852312ms] [LOG] shouldFlush n 0 200 dt 263 3000 false @ blob:https://www.justdial.com/e8e39ffd-0486-4086-aa60-8166ac1823b1:190
[ 1852579ms] [LOG] shouldFlush n 0 200 dt 530 3000 false @ blob:https://www.justdial.com/e8e39ffd-0486-4086-aa60-8166ac1823b1:190
[ 1852644ms] [LOG] shouldFlush n 0 200 dt 596 3000 false @ blob:https://www.justdial.com/e8e39ffd-0486-4086-aa60-8166ac1823b1:190
[ 1852710ms] [LOG] shouldFlush n 0 200 dt 662 3000 false @ blob:https://www.justdial.com/e8e39ffd-0486-4086-aa60-8166ac1823b1:190
[ 1853046ms] [LOG] shouldFlush n 0 200 dt 997 3000 false @ blob:https://www.justdial.com/e8e39ffd-0486-4086-aa60-8166ac1823b1:190
[ 1853110ms] [LOG] shouldFlush n 0 200 dt 1062 3000 false @ blob:https://www.justdial.com/e8e39ffd-0486-4086-aa60-8166ac1823b1:190
[ 1853177ms] [LOG] shouldFlush n 0 200 dt 1128 3000 false @ blob:https://www.justdial.com/e8e39ffd-0486-4086-aa60-8166ac1823b1:190
[ 1853639ms] [LOG] norm {t: 1842379.2000000011, et: mousemove, pt: Object, href: https://www.justdial.com/Surat/Furniture-Concept-2…-Main-Road/0261PX261-X261-210611132404-N9N4_BZDET} @ blob:https://www.justdial.com/e8e39ffd-0486-4086-aa60-8166ac1823b1:105
[ 1853639ms] [LOG] norm {t: 1842446.2000000011, et: mousemove, pt: Object, href: https://www.justdial.com/Surat/Furniture-Concept-2…-Main-Road/0261PX261-X261-210611132404-N9N4_BZDET} @ blob:https://www.justdial.com/e8e39ffd-0486-4086-aa60-8166ac1823b1:105
[ 1853639ms] [LOG] norm {t: 1842512.5, et: mousemove, pt: Object, href: https://www.justdial.com/Surat/Furniture-Concept-2…-Main-Road/0261PX261-X261-210611132404-N9N4_BZDET} @ blob:https://www.justdial.com/e8e39ffd-0486-4086-aa60-8166ac1823b1:105
[ 1853639ms] [LOG] norm {t: 1842581.3000000007, et: mousemove, pt: Object, href: https://www.justdial.com/Surat/Furniture-Concept-2…-Main-Road/0261PX261-X261-210611132404-N9N4_BZDET} @ blob:https://www.justdial.com/e8e39ffd-0486-4086-aa60-8166ac1823b1:105
[ 1853639ms] [LOG] norm {t: 1842848.0999999996, et: mousemove, pt: Object, href: https://www.justdial.com/Surat/Furniture-Concept-2…-Main-Road/0261PX261-X261-210611132404-N9N4_BZDET} @ blob:https://www.justdial.com/e8e39ffd-0486-4086-aa60-8166ac1823b1:105
[ 1853639ms] [LOG] norm {t: 1842913.7000000011, et: mousemove, pt: Object, href: https://www.justdial.com/Surat/Furniture-Concept-2…-Main-Road/0261PX261-X261-210611132404-N9N4_BZDET} @ blob:https://www.justdial.com/e8e39ffd-0486-4086-aa60-8166ac1823b1:105
[ 1853639ms] [LOG] norm {t: 1842979.5, et: mousemove, pt: Object, href: https://www.justdial.com/Surat/Furniture-Concept-2…-Main-Road/0261PX261-X261-210611132404-N9N4_BZDET} @ blob:https://www.justdial.com/e8e39ffd-0486-4086-aa60-8166ac1823b1:105
[ 1853639ms] [LOG] norm {t: 1843314.8000000007, et: mousemove, pt: Object, href: https://www.justdial.com/Surat/Furniture-Concept-2…-Main-Road/0261PX261-X261-210611132404-N9N4_BZDET} @ blob:https://www.justdial.com/e8e39ffd-0486-4086-aa60-8166ac1823b1:105
[ 1853639ms] [LOG] norm {t: 1843379.5, et: mousemove, pt: Object, href: https://www.justdial.com/Surat/Furniture-Concept-2…-Main-Road/0261PX261-X261-210611132404-N9N4_BZDET} @ blob:https://www.justdial.com/e8e39ffd-0486-4086-aa60-8166ac1823b1:105
[ 1853639ms] [LOG] norm {t: 1843446.0999999996, et: mousemove, pt: Object, href: https://www.justdial.com/Surat/Furniture-Concept-2…-Main-Road/0261PX261-X261-210611132404-N9N4_BZDET} @ blob:https://www.justdial.com/e8e39ffd-0486-4086-aa60-8166ac1823b1:105
[ 1861137ms] [WARNING] A speculation rule set was inserted into the document but will be ignored. This might happen, for example, if it was previously inserted into another document, or if it was created using the innerHTML setter. @ https://www.google.com/search?q=furniture+concepts+2.0+surat+owner&sca_esv=5d515baac12a343f&ei=FWgZasHNN5qP4-EPoYyKoQw&biw=1470&bih=835&ved=0ahUKEwiBrOHjot6UAxWaxzgGHSGGIsQQ4dUDCBI&uact=5&oq=furniture+concepts+2.0+surat+owner&gs_lp=Egxnd3Mtd2l6LXNlcnAiImZ1cm5pdHVyZSBjb25jZXB0cyAyLjAgc3VyYXQgb3duZXIyBRAhGKABSKcLUIICWKIJcAF4AJABAJgBgAKgAaYIqgEFMC41LjG4AQPIAQD4AQGYAgegArkIwgIHEAAYHhiwA8ICCxAAGIAEGKIEGLADwgIIEAAY7wUYsAPCAgYQABgWGB7CAgIQJsICCBAAGIAEGKIEwgIFEAAY7wWYAwCIBgGQBgSSBwUxLjUuMaAHphCyBwUwLjUuMbgHtgjCBwMyLjXIBwmACAE&sclient=gws-wiz-serp:35
[ 1862088ms] [INFO] Autofocus processing was blocked because a document already has a focused element. @ https://www.google.com/search?q=furniture+concepts+2.0+surat+owner&sca_esv=5d515baac12a343f&ei=FWgZasHNN5qP4-EPoYyKoQw&biw=1470&bih=835&ved=0ahUKEwiBrOHjot6UAxWaxzgGHSGGIsQQ4dUDCBI&uact=5&oq=furniture+concepts+2.0+surat+owner&gs_lp=Egxnd3Mtd2l6LXNlcnAiImZ1cm5pdHVyZSBjb25jZXB0cyAyLjAgc3VyYXQgb3duZXIyBRAhGKABSKcLUIICWKIJcAF4AJABAJgBgAKgAaYIqgEFMC41LjG4AQPIAQD4AQGYAgegArkIwgIHEAAYHhiwA8ICCxAAGIAEGKIEGLADwgIIEAAY7wUYsAPCAgYQABgWGB7CAgIQJsICCBAAGIAEGKIEwgIFEAAY7wWYAwCIBgGQBgSSBwUxLjUuMaAHphCyBwUwLjUuMbgHtgjCBwMyLjXIBwmACAE&sclient=gws-wiz-serp:0
